<?xml version="1.0" encoding="UTF-8"?>
<!-- Generated by org.testng.reporters.JUnitXMLReporter -->
<testsuite ignored="0" hostname="SAIDAHMADs-MacBook-Pro.local" failures="0" tests="7" name="Business Loan" time="12.463" errors="0" timestamp="04 Dec 2019 23:00:00 GMT">
  <testcase classname="testngFiles.TestBase" name="Login" time="4.809"/>
  <testcase classname="testngFiles.TestBase" name="deinstallsoftware" time="0.002"/>
  <testcase classname="testngFiles.TestBase" name="software" time="0.001"/>
  <testcase classname="testngFiles.DependenyTestBase" name="DependenyTestBaseMethod1" time="3.664"/>
  <testcase classname="testngFiles.TestBase" name="Login" time="3.953"/>
  <testcase classname="testngFiles.TestBase" name="deinstallsoftware" time="0.001"/>
  <testcase classname="testngFiles.TestBase" name="software" time="0.001"/>
</testsuite> <!-- Business Loan -->
