<?xml version="1.0" encoding="UTF-8"?>
<!-- Generated by org.testng.reporters.JUnitXMLReporter -->
<testsuite ignored="0" hostname="SAIDAHMADs-MacBook-Pro.local" failures="0" tests="7" name="Business Loan" time="11.307" errors="0" timestamp="16 Nov 2019 01:45:12 GMT">
  <testcase classname="testngFiles.TestBase" name="Login" time="3.977"/>
  <testcase classname="testngFiles.TestBase" name="deinstallsoftware" time="0.001"/>
  <testcase classname="testngFiles.TestBase" name="software" time="0.001"/>
  <testcase classname="testngFiles.DependenyTestBase" name="DependenyTestBaseMethod1" time="3.491"/>
  <testcase classname="testngFiles.TestBase" name="Login" time="3.806"/>
  <testcase classname="testngFiles.TestBase" name="deinstallsoftware" time="0.002"/>
  <testcase classname="testngFiles.TestBase" name="software" time="0.001"/>
</testsuite> <!-- Business Loan -->
