<?xml version="1.0" encoding="UTF-8"?>
<testng-results ignored="0" total="7" passed="7" failed="0" skipped="0">
  <reporter-output>
  </reporter-output>
  <suite started-at="2019-12-04T22:59:47Z" name="Department" finished-at="2019-12-04T23:00:00Z" duration-ms="12463">
    <groups>
    </groups>
    <test started-at="2019-12-04T22:59:47Z" name="Business Loan" finished-at="2019-12-04T23:00:00Z" duration-ms="12463">
      <class name="testngFiles.TestBase">
        <test-method signature="Login()[pri:0, instance:testngFiles.TestBase@7c6908d7]" started-at="2019-12-04T22:59:47Z" name="Login" finished-at="2019-12-04T22:59:52Z" duration-ms="4809" status="PASS">
          <reporter-output>
          </reporter-output>
        </test-method> <!-- Login -->
        <test-method signature="deinstallsoftware()[pri:0, instance:testngFiles.TestBase@7c6908d7]" started-at="2019-12-04T22:59:52Z" name="deinstallsoftware" finished-at="2019-12-04T22:59:52Z" duration-ms="2" status="PASS">
          <reporter-output>
          </reporter-output>
        </test-method> <!-- deinstallsoftware -->
        <test-method signature="software()[pri:0, instance:testngFiles.TestBase@7c6908d7]" started-at="2019-12-04T22:59:52Z" name="software" finished-at="2019-12-04T22:59:52Z" duration-ms="1" status="PASS">
          <reporter-output>
          </reporter-output>
        </test-method> <!-- software -->
      </class> <!-- testngFiles.TestBase -->
      <class name="testngFiles.DependenyTestBase">
        <test-method signature="DependenyTestBaseMethod1()[pri:0, instance:testngFiles.DependenyTestBase@3c9754d8]" started-at="2019-12-04T22:59:52Z" name="DependenyTestBaseMethod1" finished-at="2019-12-04T22:59:56Z" duration-ms="3664" status="PASS">
          <reporter-output>
          </reporter-output>
        </test-method> <!-- DependenyTestBaseMethod1 -->
        <test-method signature="Login()[pri:0, instance:testngFiles.DependenyTestBase@3c9754d8]" started-at="2019-12-04T22:59:56Z" name="Login" finished-at="2019-12-04T23:00:00Z" duration-ms="3953" status="PASS">
          <reporter-output>
          </reporter-output>
        </test-method> <!-- Login -->
        <test-method signature="deinstallsoftware()[pri:0, instance:testngFiles.DependenyTestBase@3c9754d8]" started-at="2019-12-04T23:00:00Z" name="deinstallsoftware" finished-at="2019-12-04T23:00:00Z" duration-ms="1" status="PASS">
          <reporter-output>
          </reporter-output>
        </test-method> <!-- deinstallsoftware -->
        <test-method signature="software()[pri:0, instance:testngFiles.DependenyTestBase@3c9754d8]" started-at="2019-12-04T23:00:00Z" name="software" finished-at="2019-12-04T23:00:00Z" duration-ms="1" status="PASS">
          <reporter-output>
          </reporter-output>
        </test-method> <!-- software -->
      </class> <!-- testngFiles.DependenyTestBase -->
    </test> <!-- Business Loan -->
  </suite> <!-- Department -->
</testng-results>
